Android/app/build/intermediates/manifest_merge_blame_file/debug/manifest-merger-blame-debug-report.txt
1<?xml version="1.0" encoding="utf-8"?>
2<manifest xmlns:android="http://schemas.android.com/apk/res/android"
3    package="com.example.userprofileapp"
4    android:versionCode="1"
5    android:versionName="1.0" >
6
7    <uses-sdk
8        android:minSdkVersion="28"
8-->src\main\AndroidManifest.xml
9        android:targetSdkVersion="29" />
9-->src\main\AndroidManifest.xml
10
11    <uses-permission android:name="android.permission.INTERNET" />
11-->src\main\AndroidManifest.xml:5:5-67
11-->src\main\AndroidManifest.xml:5:22-64
12    <uses-permission android:name="android.permission.ACCESS_NETWORK_STATE" />
12-->src\main\AndroidManifest.xml:6:5-79
12-->src\main\AndroidManifest.xml:6:22-76
13
14    <application
14-->src\main\AndroidManifest.xml:8:5-24:19
15        android:allowBackup="true"
15-->src\main\AndroidManifest.xml:9:9-35
16        android:appComponentFactory="androidx.core.app.CoreComponentFactory"
16-->[androidx.core:core:1.0.1] AndroidManifest.xml:22:18-86
17        android:debuggable="true"
18        android:icon="@mipmap/ic_launcher"
18-->src\main\AndroidManifest.xml:10:9-43
19        android:label="@string/app_name"
19-->src\main\AndroidManifest.xml:11:9-41
20        android:roundIcon="@mipmap/ic_launcher_round"
20-->src\main\AndroidManifest.xml:12:9-54
21        android:supportsRtl="true"
21-->src\main\AndroidManifest.xml:13:9-35
22        android:testOnly="true"
23        android:theme="@style/AppTheme"
23-->src\main\AndroidManifest.xml:14:9-40
24        android:usesCleartextTraffic="true" >
24-->src\main\AndroidManifest.xml:15:9-44
25        <activity android:name="com.example.userprofileapp.PlaymentActivityHome" />
25-->src\main\AndroidManifest.xml:16:9-67
25-->src\main\AndroidManifest.xml:16:19-55
26        <activity android:name="com.example.userprofileapp.MainActivity" >
26-->src\main\AndroidManifest.xml:17:9-23:20
26-->src\main\AndroidManifest.xml:17:19-47
27            <intent-filter>
27-->src\main\AndroidManifest.xml:18:13-22:29
28                <action android:name="android.intent.action.MAIN" />
28-->src\main\AndroidManifest.xml:19:17-69
28-->src\main\AndroidManifest.xml:19:25-66
29
30                <category android:name="android.intent.category.LAUNCHER" />
30-->src\main\AndroidManifest.xml:21:17-77
30-->src\main\AndroidManifest.xml:21:27-74
31            </intent-filter>
32        </activity>
33        <activity
33-->[com.karumi:dexter:5.0.0] AndroidManifest.xml:27:9-29:72
34            android:name="com.karumi.dexter.DexterActivity"
34-->[com.karumi:dexter:5.0.0] AndroidManifest.xml:28:13-60
35            android:theme="@style/Dexter.Internal.Theme.Transparent" />
35-->[com.karumi:dexter:5.0.0] AndroidManifest.xml:29:13-69
36        <activity
36-->[com.braintreepayments.api:drop-in:4.1.1] AndroidManifest.xml:18:9-20:64
37            android:name="com.braintreepayments.api.dropin.DropInActivity"
37-->[com.braintreepayments.api:drop-in:4.1.1] AndroidManifest.xml:19:13-75
38            android:theme="@style/bt_drop_in_activity_theme" />
38-->[com.braintreepayments.api:drop-in:4.1.1] AndroidManifest.xml:20:13-61
39        <activity
39-->[com.braintreepayments.api:drop-in:4.1.1] AndroidManifest.xml:21:9-23:65
40            android:name="com.braintreepayments.api.dropin.AddCardActivity"
40-->[com.braintreepayments.api:drop-in:4.1.1] AndroidManifest.xml:22:13-76
41            android:theme="@style/bt_add_card_activity_theme" />
41-->[com.braintreepayments.api:drop-in:4.1.1] AndroidManifest.xml:23:13-62
42        <activity
42-->[com.braintreepayments.api:drop-in:4.1.1] AndroidManifest.xml:24:9-26:70
43            android:name="com.braintreepayments.api.dropin.VaultManagerActivity"
43-->[com.braintreepayments.api:drop-in:4.1.1] AndroidManifest.xml:25:13-81
44            android:theme="@style/bt_vault_manager_activity_theme" />
44-->[com.braintreepayments.api:drop-in:4.1.1] AndroidManifest.xml:26:13-67
45
46        <service android:name="com.braintreepayments.api.internal.AnalyticsIntentService" />
46-->[com.braintreepayments.api:braintree:3.0.0] AndroidManifest.xml:15:9-93
46-->[com.braintreepayments.api:braintree:3.0.0] AndroidManifest.xml:15:18-90
47
48        <provider
48-->[com.squareup.picasso:picasso:2.71828] AndroidManifest.xml:8:9-11:40
49            android:name="com.squareup.picasso.PicassoProvider"
49-->[com.squareup.picasso:picasso:2.71828] AndroidManifest.xml:9:13-64
50            android:authorities="com.example.userprofileapp.com.squareup.picasso"
50-->[com.squareup.picasso:picasso:2.71828] AndroidManifest.xml:10:13-72
51            android:exported="false" />
51-->[com.squareup.picasso:picasso:2.71828] AndroidManifest.xml:11:13-37
52        <provider
52-->[androidx.lifecycle:lifecycle-process:2.0.0] AndroidManifest.xml:23:9-27:43
53            android:name="androidx.lifecycle.ProcessLifecycleOwnerInitializer"
53-->[androidx.lifecycle:lifecycle-process:2.0.0] AndroidManifest.xml:24:13-79
54            android:authorities="com.example.userprofileapp.lifecycle-process"
54-->[androidx.lifecycle:lifecycle-process:2.0.0] AndroidManifest.xml:25:13-69
55            android:exported="false"
55-->[androidx.lifecycle:lifecycle-process:2.0.0] AndroidManifest.xml:26:13-37
56            android:multiprocess="true" />
56-->[androidx.lifecycle:lifecycle-process:2.0.0] AndroidManifest.xml:27:13-40
57
58        <activity
58-->[com.braintreepayments.api:google-payment:3.0.0] AndroidManifest.xml:12:9-14:62
59            android:name="com.braintreepayments.api.GooglePaymentActivity"
59-->[com.braintreepayments.api:google-payment:3.0.0] AndroidManifest.xml:13:13-75
60            android:theme="@style/bt_transparent_activity" />
60-->[com.braintreepayments.api:google-payment:3.0.0] AndroidManifest.xml:14:13-59
61    </application>
62
63</manifest>